{"/Users/ifkv/Documents/qqq/src/pages/about.tsx": {"path":"/Users/ifkv/Documents/qqq/src/pages/about.tsx","statementMap":{"0":{"start":{"line":21,"column":0},"end":{"line":21,"column":15}},"1":{"start":{"line":1,"column":21},"end":{"line":1,"column":null}},"2":{"start":{"line":2,"column":21},"end":{"line":2,"column":null}},"3":{"start":{"line":4,"column":14},"end":{"line":18,"column":9}},"4":{"start":{"line":5,"column":2},"end":{"line":18,"column":9}},"5":{"start":{"line":21,"column":15},"end":{"line":21,"column":20}}},"fnMap":{"0":{"name":"(anonymous_0)","decl":{"start":{"line":21,"column":0},"end":{"line":21,"column":15}},"loc":{"start":{"line":21,"column":0},"end":{"line":21,"column":15}}},"1":{"name":"(anonymous_1)","decl":{"start":{"line":4,"column":14},"end":{"line":4,"column":null}},"loc":{"start":{"line":5,"column":2},"end":{"line":18,"column":9}}}},"branchMap":{},"s":{"0":1,"1":1,"2":1,"3":1,"4":1,"5":1},"f":{"0":1,"1":1},"b":{}}
,"/Users/ifkv/Documents/qqq/src/pages/index.tsx": {"path":"/Users/ifkv/Documents/qqq/src/pages/index.tsx","statementMap":{"0":{"start":{"line":249,"column":0},"end":{"line":249,"column":15}},"1":{"start":{"line":1,"column":23},"end":{"line":1,"column":null}},"2":{"start":{"line":2,"column":14},"end":{"line":2,"column":null}},"3":{"start":{"line":3,"column":36},"end":{"line":3,"column":null}},"4":{"start":{"line":4,"column":21},"end":{"line":4,"column":null}},"5":{"start":{"line":5,"column":21},"end":{"line":5,"column":null}},"6":{"start":{"line":7,"column":22},"end":{"line":7,"column":null}},"7":{"start":{"line":23,"column":17},"end":{"line":23,"column":62}},"8":{"start":{"line":23,"column":31},"end":{"line":23,"column":62}},"9":{"start":{"line":25,"column":14},"end":{"line":247,"column":1}},"10":{"start":{"line":27,"column":4},"end":{"line":27,"column":23}},"11":{"start":{"line":28,"column":40},"end":{"line":28,"column":55}},"12":{"start":{"line":29,"column":58},"end":{"line":29,"column":69}},"13":{"start":{"line":30,"column":36},"end":{"line":30,"column":51}},"14":{"start":{"line":31,"column":36},"end":{"line":31,"column":51}},"15":{"start":{"line":32,"column":28},"end":{"line":32,"column":39}},"16":{"start":{"line":33,"column":36},"end":{"line":33,"column":63}},"17":{"start":{"line":34,"column":52},"end":{"line":34,"column":76}},"18":{"start":{"line":35,"column":48},"end":{"line":35,"column":70}},"19":{"start":{"line":36,"column":50},"end":{"line":36,"column":65}},"20":{"start":{"line":38,"column":2},"end":{"line":42,"column":9}},"21":{"start":{"line":40,"column":28},"end":{"line":40,"column":47}},"22":{"start":{"line":41,"column":4},"end":{"line":41,"column":53}},"23":{"start":{"line":44,"column":2},"end":{"line":53,"column":9}},"24":{"start":{"line":46,"column":4},"end":{"line":46,"column":26}},"25":{"start":{"line":47,"column":4},"end":{"line":47,"column":31}},"26":{"start":{"line":48,"column":4},"end":{"line":48,"column":24}},"27":{"start":{"line":49,"column":4},"end":{"line":49,"column":24}},"28":{"start":{"line":50,"column":4},"end":{"line":50,"column":16}},"29":{"start":{"line":51,"column":4},"end":{"line":51,"column":23}},"30":{"start":{"line":52,"column":4},"end":{"line":52,"column":31}},"31":{"start":{"line":55,"column":2},"end":{"line":64,"column":74}},"32":{"start":{"line":57,"column":4},"end":{"line":63,"column":5}},"33":{"start":{"line":58,"column":28},"end":{"line":59,"column":null}},"34":{"start":{"line":61,"column":6},"end":{"line":61,"column":51}},"35":{"start":{"line":62,"column":6},"end":{"line":62,"column":33}},"36":{"start":{"line":66,"column":20},"end":{"line":70,"column":3}},"37":{"start":{"line":67,"column":4},"end":{"line":67,"column":42}},"38":{"start":{"line":68,"column":4},"end":{"line":68,"column":25}},"39":{"start":{"line":69,"column":4},"end":{"line":69,"column":29}},"40":{"start":{"line":72,"column":21},"end":{"line":79,"column":3}},"41":{"start":{"line":73,"column":4},"end":{"line":73,"column":24}},"42":{"start":{"line":74,"column":4},"end":{"line":78,"column":5}},"43":{"start":{"line":75,"column":6},"end":{"line":75,"column":56}},"44":{"start":{"line":77,"column":6},"end":{"line":77,"column":25}},"45":{"start":{"line":81,"column":56},"end":{"line":82,"column":null}},"46":{"start":{"line":85,"column":2},"end":{"line":88,"column":29}},"47":{"start":{"line":87,"column":4},"end":{"line":87,"column":33}},"48":{"start":{"line":90,"column":34},"end":{"line":101,"column":3}},"49":{"start":{"line":91,"column":4},"end":{"line":100,"column":5}},"50":{"start":{"line":92,"column":6},"end":{"line":92,"column":25}},"51":{"start":{"line":93,"column":6},"end":{"line":93,"column":32}},"52":{"start":{"line":95,"column":6},"end":{"line":99,"column":7}},"53":{"start":{"line":96,"column":8},"end":{"line":96,"column":28}},"54":{"start":{"line":98,"column":8},"end":{"line":98,"column":38}},"55":{"start":{"line":103,"column":31},"end":{"line":112,"column":3}},"56":{"start":{"line":104,"column":4},"end":{"line":110,"column":5}},"57":{"start":{"line":105,"column":26},"end":{"line":105,"column":36}},"58":{"start":{"line":106,"column":35},"end":{"line":107,"column":null}},"59":{"start":{"line":109,"column":6},"end":{"line":109,"column":34}},"60":{"start":{"line":111,"column":4},"end":{"line":111,"column":13}},"61":{"start":{"line":114,"column":22},"end":{"line":114,"column":68}},"62":{"start":{"line":116,"column":20},"end":{"line":126,"column":3}},"63":{"start":{"line":117,"column":4},"end":{"line":117,"column":26}},"64":{"start":{"line":118,"column":4},"end":{"line":118,"column":31}},"65":{"start":{"line":119,"column":4},"end":{"line":119,"column":24}},"66":{"start":{"line":120,"column":4},"end":{"line":120,"column":24}},"67":{"start":{"line":121,"column":4},"end":{"line":121,"column":16}},"68":{"start":{"line":122,"column":4},"end":{"line":122,"column":23}},"69":{"start":{"line":123,"column":4},"end":{"line":123,"column":31}},"70":{"start":{"line":124,"column":4},"end":{"line":124,"column":35}},"71":{"start":{"line":125,"column":4},"end":{"line":125,"column":57}},"72":{"start":{"line":128,"column":2},"end":{"line":245,"column":null}},"73":{"start":{"line":141,"column":27},"end":{"line":141,"column":40}},"74":{"start":{"line":147,"column":27},"end":{"line":147,"column":40}},"75":{"start":{"line":153,"column":27},"end":{"line":153,"column":54}},"76":{"start":{"line":205,"column":18},"end":{"line":206,"column":null}},"77":{"start":{"line":224,"column":22},"end":{"line":224,"column":72}},"78":{"start":{"line":249,"column":15},"end":{"line":249,"column":20}}},"fnMap":{"0":{"name":"(anonymous_0)","decl":{"start":{"line":249,"column":0},"end":{"line":249,"column":15}},"loc":{"start":{"line":249,"column":0},"end":{"line":249,"column":15}}},"1":{"name":"(anonymous_2)","decl":{"start":{"line":23,"column":17},"end":{"line":23,"column":18}},"loc":{"start":{"line":23,"column":31},"end":{"line":23,"column":62}}},"2":{"name":"(anonymous_3)","decl":{"start":{"line":25,"column":14},"end":{"line":25,"column":20}},"loc":{"start":{"line":25,"column":20},"end":{"line":247,"column":1}}},"3":{"name":"(anonymous_4)","decl":{"start":{"line":38,"column":12},"end":{"line":38,"column":18}},"loc":{"start":{"line":38,"column":18},"end":{"line":42,"column":3}}},"4":{"name":"(anonymous_5)","decl":{"start":{"line":44,"column":12},"end":{"line":44,"column":18}},"loc":{"start":{"line":44,"column":18},"end":{"line":53,"column":3}}},"5":{"name":"(anonymous_6)","decl":{"start":{"line":55,"column":12},"end":{"line":55,"column":18}},"loc":{"start":{"line":55,"column":18},"end":{"line":64,"column":3}}},"6":{"name":"(anonymous_7)","decl":{"start":{"line":66,"column":20},"end":{"line":66,"column":21}},"loc":{"start":{"line":66,"column":42},"end":{"line":70,"column":3}}},"7":{"name":"(anonymous_8)","decl":{"start":{"line":72,"column":21},"end":{"line":72,"column":27}},"loc":{"start":{"line":72,"column":27},"end":{"line":79,"column":3}}},"8":{"name":"(anonymous_9)","decl":{"start":{"line":85,"column":12},"end":{"line":85,"column":18}},"loc":{"start":{"line":85,"column":18},"end":{"line":88,"column":3}}},"9":{"name":"(anonymous_10)","decl":{"start":{"line":90,"column":34},"end":{"line":90,"column":35}},"loc":{"start":{"line":90,"column":73},"end":{"line":101,"column":3}}},"10":{"name":"(anonymous_11)","decl":{"start":{"line":103,"column":31},"end":{"line":103,"column":37}},"loc":{"start":{"line":103,"column":37},"end":{"line":112,"column":3}}},"11":{"name":"(anonymous_12)","decl":{"start":{"line":116,"column":20},"end":{"line":116,"column":26}},"loc":{"start":{"line":116,"column":26},"end":{"line":126,"column":3}}},"12":{"name":"(anonymous_13)","decl":{"start":{"line":141,"column":21},"end":{"line":141,"column":27}},"loc":{"start":{"line":141,"column":27},"end":{"line":141,"column":40}}},"13":{"name":"(anonymous_14)","decl":{"start":{"line":147,"column":21},"end":{"line":147,"column":27}},"loc":{"start":{"line":147,"column":27},"end":{"line":147,"column":40}}},"14":{"name":"(anonymous_15)","decl":{"start":{"line":153,"column":21},"end":{"line":153,"column":27}},"loc":{"start":{"line":153,"column":27},"end":{"line":153,"column":54}}},"15":{"name":"(anonymous_16)","decl":{"start":{"line":204,"column":37},"end":{"line":204,"column":38}},"loc":{"start":{"line":205,"column":18},"end":{"line":206,"column":null}}},"16":{"name":"(anonymous_17)","decl":{"start":{"line":223,"column":29},"end":{"line":223,"column":null}},"loc":{"start":{"line":224,"column":22},"end":{"line":224,"column":72}}}},"branchMap":{"0":{"loc":{"start":{"line":57,"column":4},"end":{"line":63,"column":5}},"type":"if","locations":[{"start":{"line":57,"column":4},"end":{"line":63,"column":5}}]},"1":{"loc":{"start":{"line":74,"column":4},"end":{"line":78,"column":5}},"type":"if","locations":[{"start":{"line":74,"column":4},"end":{"line":78,"column":5}},{"start":{"line":76,"column":11},"end":{"line":78,"column":5}}]},"2":{"loc":{"start":{"line":91,"column":4},"end":{"line":100,"column":5}},"type":"if","locations":[{"start":{"line":91,"column":4},"end":{"line":100,"column":5}}]},"3":{"loc":{"start":{"line":95,"column":6},"end":{"line":99,"column":7}},"type":"if","locations":[{"start":{"line":95,"column":6},"end":{"line":99,"column":7}},{"start":{"line":97,"column":13},"end":{"line":99,"column":7}}]},"4":{"loc":{"start":{"line":104,"column":4},"end":{"line":110,"column":5}},"type":"if","locations":[{"start":{"line":104,"column":4},"end":{"line":110,"column":5}}]},"5":{"loc":{"start":{"line":137,"column":7},"end":{"line":157,"column":11}},"type":"binary-expr","locations":[{"start":{"line":137,"column":7},"end":{"line":137,"column":19}},{"start":{"line":137,"column":23},"end":{"line":137,"column":33}},{"start":{"line":138,"column":8},"end":{"line":157,"column":11}}]},"6":{"loc":{"start":{"line":160,"column":7},"end":{"line":178,"column":14}},"type":"cond-expr","locations":[{"start":{"line":161,"column":8},"end":{"line":177,"column":null}},{"start":{"line":178,"column":10},"end":{"line":178,"column":14}}]},"7":{"loc":{"start":{"line":166,"column":13},"end":{"line":168,"column":51}},"type":"cond-expr","locations":[{"start":{"line":167,"column":16},"end":{"line":167,"column":55}},{"start":{"line":168,"column":16},"end":{"line":168,"column":51}}]},"8":{"loc":{"start":{"line":180,"column":7},"end":{"line":243,"column":11}},"type":"binary-expr","locations":[{"start":{"line":180,"column":7},"end":{"line":180,"column":18}},{"start":{"line":180,"column":22},"end":{"line":180,"column":32}},{"start":{"line":180,"column":36},"end":{"line":180,"column":66}},{"start":{"line":181,"column":8},"end":{"line":243,"column":11}}]},"9":{"loc":{"start":{"line":182,"column":11},"end":{"line":241,"column":15}},"type":"binary-expr","locations":[{"start":{"line":182,"column":11},"end":{"line":182,"column":58}},{"start":{"line":183,"column":12},"end":{"line":241,"column":15}}]},"10":{"loc":{"start":{"line":191,"column":19},"end":{"line":199,"column":22}},"type":"binary-expr","locations":[{"start":{"line":191,"column":19},"end":{"line":191,"column":69}},{"start":{"line":192,"column":20},"end":{"line":199,"column":22}}]},"11":{"loc":{"start":{"line":209,"column":22},"end":{"line":215,"column":32}},"type":"cond-expr","locations":[{"start":{"line":210,"column":26},"end":{"line":214,"column":34}},{"start":{"line":215,"column":26},"end":{"line":215,"column":32}}]},"12":{"loc":{"start":{"line":210,"column":26},"end":{"line":214,"column":34}},"type":"cond-expr","locations":[{"start":{"line":211,"column":28},"end":{"line":211,"column":35}},{"start":{"line":212,"column":28},"end":{"line":214,"column":34}}]},"13":{"loc":{"start":{"line":212,"column":28},"end":{"line":214,"column":34}},"type":"cond-expr","locations":[{"start":{"line":213,"column":28},"end":{"line":213,"column":33}},{"start":{"line":214,"column":28},"end":{"line":214,"column":34}}]},"14":{"loc":{"start":{"line":218,"column":30},"end":{"line":218,"column":59}},"type":"binary-expr","locations":[{"start":{"line":218,"column":30},"end":{"line":218,"column":39}},{"start":{"line":218,"column":43},"end":{"line":218,"column":59}}]},"15":{"loc":{"start":{"line":234,"column":26},"end":{"line":234,"column":55}},"type":"binary-expr","locations":[{"start":{"line":234,"column":26},"end":{"line":234,"column":35}},{"start":{"line":234,"column":39},"end":{"line":234,"column":55}}]}},"s":{"0":1,"1":1,"2":1,"3":1,"4":1,"5":1,"6":1,"7":1,"8":1,"9":1,"10":2,"11":2,"12":2,"13":2,"14":2,"15":2,"16":2,"17":2,"18":2,"19":2,"20":2,"21":1,"22":1,"23":2,"24":1,"25":1,"26":1,"27":1,"28":1,"29":1,"30":1,"31":2,"32":2,"33":0,"34":0,"35":0,"36":2,"37":0,"38":0,"39":0,"40":2,"41":0,"42":0,"43":0,"44":0,"45":2,"46":2,"47":1,"48":2,"49":0,"50":0,"51":0,"52":0,"53":0,"54":0,"55":2,"56":0,"57":0,"58":0,"59":0,"60":0,"61":2,"62":2,"63":0,"64":0,"65":0,"66":0,"67":0,"68":0,"69":0,"70":0,"71":0,"72":2,"73":0,"74":0,"75":0,"76":0,"77":0,"78":1},"f":{"0":1,"1":1,"2":2,"3":1,"4":1,"5":2,"6":0,"7":0,"8":1,"9":0,"10":0,"11":0,"12":0,"13":0,"14":0,"15":0,"16":0},"b":{"0":[0],"1":[0,0],"2":[0],"3":[0,0],"4":[0],"5":[2,2,2],"6":[0,2],"7":[0,0],"8":[2,0,0,0],"9":[0,0],"10":[0,0],"11":[0,0],"12":[0,0],"13":[0,0],"14":[0,0],"15":[0,0]}}
,"/Users/ifkv/Documents/qqq/src/templates/Main.tsx": {"path":"/Users/ifkv/Documents/qqq/src/templates/Main.tsx","statementMap":{"0":{"start":{"line":64,"column":9},"end":{"line":64,"column":13}},"1":{"start":{"line":1,"column":17},"end":{"line":1,"column":null}},"2":{"start":{"line":4,"column":26},"end":{"line":4,"column":null}},"3":{"start":{"line":11,"column":13},"end":{"line":61,"column":8}},"4":{"start":{"line":12,"column":2},"end":{"line":61,"column":8}}},"fnMap":{"0":{"name":"(anonymous_0)","decl":{"start":{"line":64,"column":9},"end":{"line":64,"column":13}},"loc":{"start":{"line":64,"column":9},"end":{"line":64,"column":13}}},"1":{"name":"(anonymous_2)","decl":{"start":{"line":11,"column":13},"end":{"line":11,"column":14}},"loc":{"start":{"line":12,"column":2},"end":{"line":61,"column":8}}}},"branchMap":{},"s":{"0":5,"1":3,"2":3,"3":3,"4":5},"f":{"0":5,"1":5},"b":{}}
,"/Users/ifkv/Documents/qqq/src/utils/AppConfig.ts": {"path":"/Users/ifkv/Documents/qqq/src/utils/AppConfig.ts","statementMap":{"0":{"start":{"line":1,"column":13},"end":{"line":1,"column":22}},"1":{"start":{"line":1,"column":25},"end":{"line":6,"column":1}}},"fnMap":{"0":{"name":"(anonymous_0)","decl":{"start":{"line":1,"column":13},"end":{"line":1,"column":22}},"loc":{"start":{"line":1,"column":13},"end":{"line":1,"column":22}}}},"branchMap":{},"s":{"0":23,"1":4},"f":{"0":23},"b":{}}
}
