TN:
SF:src/pages/about.tsx
FN:21,(anonymous_0)
FN:4,(anonymous_1)
FNF:2
FNH:2
FNDA:1,(anonymous_0)
FNDA:1,(anonymous_1)
DA:1,1
DA:2,1
DA:4,1
DA:5,1
DA:21,1
LF:5
LH:5
BRF:0
BRH:0
end_of_record
TN:
SF:src/pages/index.tsx
FN:249,(anonymous_0)
FN:23,(anonymous_2)
FN:25,(anonymous_3)
FN:38,(anonymous_4)
FN:44,(anonymous_5)
FN:55,(anonymous_6)
FN:66,(anonymous_7)
FN:72,(anonymous_8)
FN:85,(anonymous_9)
FN:90,(anonymous_10)
FN:103,(anonymous_11)
FN:116,(anonymous_12)
FN:141,(anonymous_13)
FN:147,(anonymous_14)
FN:153,(anonymous_15)
FN:204,(anonymous_16)
FN:223,(anonymous_17)
FNF:17
FNH:7
FNDA:1,(anonymous_0)
FNDA:1,(anonymous_2)
FNDA:2,(anonymous_3)
FNDA:1,(anonymous_4)
FNDA:1,(anonymous_5)
FNDA:2,(anonymous_6)
FNDA:0,(anonymous_7)
FNDA:0,(anonymous_8)
FNDA:1,(anonymous_9)
FNDA:0,(anonymous_10)
FNDA:0,(anonymous_11)
FNDA:0,(anonymous_12)
FNDA:0,(anonymous_13)
FNDA:0,(anonymous_14)
FNDA:0,(anonymous_15)
FNDA:0,(anonymous_16)
FNDA:0,(anonymous_17)
DA:1,1
DA:2,1
DA:3,1
DA:4,1
DA:5,1
DA:7,1
DA:23,1
DA:25,1
DA:27,2
DA:28,2
DA:29,2
DA:30,2
DA:31,2
DA:32,2
DA:33,2
DA:34,2
DA:35,2
DA:36,2
DA:38,2
DA:40,1
DA:41,1
DA:44,2
DA:46,1
DA:47,1
DA:48,1
DA:49,1
DA:50,1
DA:51,1
DA:52,1
DA:55,2
DA:57,2
DA:58,0
DA:61,0
DA:62,0
DA:66,2
DA:67,0
DA:68,0
DA:69,0
DA:72,2
DA:73,0
DA:74,0
DA:75,0
DA:77,0
DA:81,2
DA:85,2
DA:87,1
DA:90,2
DA:91,0
DA:92,0
DA:93,0
DA:95,0
DA:96,0
DA:98,0
DA:103,2
DA:104,0
DA:105,0
DA:106,0
DA:109,0
DA:111,0
DA:114,2
DA:116,2
DA:117,0
DA:118,0
DA:119,0
DA:120,0
DA:121,0
DA:122,0
DA:123,0
DA:124,0
DA:125,0
DA:128,2
DA:141,0
DA:147,0
DA:153,0
DA:205,0
DA:224,0
DA:249,1
LF:77
LH:42
BRDA:57,0,0,0
BRDA:74,1,0,0
BRDA:74,1,1,0
BRDA:91,2,0,0
BRDA:95,3,0,0
BRDA:95,3,1,0
BRDA:104,4,0,0
BRDA:137,5,0,2
BRDA:137,5,1,2
BRDA:137,5,2,2
BRDA:160,6,0,0
BRDA:160,6,1,2
BRDA:166,7,0,0
BRDA:166,7,1,0
BRDA:180,8,0,2
BRDA:180,8,1,0
BRDA:180,8,2,0
BRDA:180,8,3,0
BRDA:182,9,0,0
BRDA:182,9,1,0
BRDA:191,10,0,0
BRDA:191,10,1,0
BRDA:209,11,0,0
BRDA:209,11,1,0
BRDA:210,12,0,0
BRDA:210,12,1,0
BRDA:212,13,0,0
BRDA:212,13,1,0
BRDA:218,14,0,0
BRDA:218,14,1,0
BRDA:234,15,0,0
BRDA:234,15,1,0
BRF:32
BRH:5
end_of_record
TN:
SF:src/templates/Main.tsx
FN:64,(anonymous_0)
FN:11,(anonymous_2)
FNF:2
FNH:2
FNDA:5,(anonymous_0)
FNDA:5,(anonymous_2)
DA:1,3
DA:4,3
DA:11,3
DA:12,5
DA:64,5
LF:5
LH:5
BRF:0
BRH:0
end_of_record
TN:
SF:src/utils/AppConfig.ts
FN:1,(anonymous_0)
FNF:1
FNH:1
FNDA:23,(anonymous_0)
DA:1,23
LF:1
LH:1
BRF:0
BRH:0
end_of_record
